2024-09-15 00:22:40 info: =================================
2024-09-15 00:22:40 info: ======= ENV: development =======
2024-09-15 00:22:40 info: 🚀 App listening on the port 3000
2024-09-15 00:22:40 info: =================================
2024-09-15 00:50:14 info: =================================
2024-09-15 00:50:14 info: ======= ENV: development =======
2024-09-15 00:50:14 info: 🚀 App listening on the port 3000
2024-09-15 00:50:14 info: =================================
2024-09-15 00:50:17 info: [0mGET / [33m404[0m 21.124 ms - 139[0m
2024-09-15 00:50:22 info: [0mGET /v1/api [33m404[0m 4.199 ms - 145[0m
2024-09-15 00:50:39 info: [0mGET /v1/api/health-check [32m200[0m 2.818 ms - 4[0m
2024-09-15 00:50:39 info: [0mGET /favicon.ico [33m404[0m 1.213 ms - 150[0m
2024-09-15 00:51:07 info: [0mGET /v1/api/health-check [32m200[0m 1.294 ms - 4[0m
2024-09-15 00:51:07 info: [0mGET /favicon.ico [33m404[0m 3.024 ms - 150[0m
2024-09-15 00:53:06 info: [0mGET /v1/api/health-check [32m200[0m 0.607 ms - 4[0m
2024-09-15 00:57:04 info: =================================
2024-09-15 00:57:04 info: ======= ENV: development =======
2024-09-15 00:57:04 info: 🚀 App listening on the port 3000
2024-09-15 00:57:04 info: =================================
2024-09-15 00:58:15 info: =================================
2024-09-15 00:58:15 info: ======= ENV: development =======
2024-09-15 00:58:15 info: 🚀 App listening on the port 3000
2024-09-15 00:58:15 info: =================================
2024-09-15 00:58:31 info: =================================
2024-09-15 00:58:31 info: ======= ENV: development =======
2024-09-15 00:58:31 info: 🚀 App listening on the port 3000
2024-09-15 00:58:31 info: =================================
2024-09-15 00:58:44 info: =================================
2024-09-15 00:58:44 info: ======= ENV: development =======
2024-09-15 00:58:44 info: 🚀 App listening on the port 3000
2024-09-15 00:58:44 info: =================================
2024-09-15 00:59:49 info: =================================
2024-09-15 00:59:49 info: ======= ENV: development =======
2024-09-15 00:59:49 info: 🚀 App listening on the port 3000
2024-09-15 00:59:49 info: =================================
2024-09-15 00:59:56 info: =================================
2024-09-15 00:59:56 info: ======= ENV: development =======
2024-09-15 00:59:56 info: 🚀 App listening on the port 3000
2024-09-15 00:59:56 info: =================================
2024-09-15 01:10:42 info: =================================
2024-09-15 01:10:42 info: ======= ENV: development =======
2024-09-15 01:10:42 info: 🚀 App listening on the port 3000
2024-09-15 01:10:42 info: =================================
2024-09-15 01:32:12 info: =================================
2024-09-15 01:32:12 info: ======= ENV: development =======
2024-09-15 01:32:12 info: 🚀 App listening on the port 3000
2024-09-15 01:32:12 info: =================================
2024-09-15 02:02:08 info: =================================
2024-09-15 02:02:08 info: ======= ENV: development =======
2024-09-15 02:02:08 info: 🚀 App listening on the port 3000
2024-09-15 02:02:08 info: =================================
2024-09-15 02:02:57 info: =================================
2024-09-15 02:02:57 info: ======= ENV: development =======
2024-09-15 02:02:57 info: 🚀 App listening on the port 3000
2024-09-15 02:02:57 info: =================================
2024-09-15 02:03:13 info: [0mPOST /v1/api/auth/signup [32m201[0m 8166.182 ms - 282[0m
2024-09-15 02:07:33 info: =================================
2024-09-15 02:07:33 info: ======= ENV: development =======
2024-09-15 02:07:33 info: 🚀 App listening on the port 3000
2024-09-15 02:07:33 info: =================================
2024-09-15 02:08:07 info: =================================
2024-09-15 02:08:07 info: ======= ENV: development =======
2024-09-15 02:08:07 info: 🚀 App listening on the port 3000
2024-09-15 02:08:07 info: =================================
2024-09-15 02:08:38 info: =================================
2024-09-15 02:08:38 info: ======= ENV: development =======
2024-09-15 02:08:38 info: 🚀 App listening on the port 3000
2024-09-15 02:08:38 info: =================================
2024-09-15 02:09:12 info: =================================
2024-09-15 02:09:12 info: ======= ENV: development =======
2024-09-15 02:09:12 info: 🚀 App listening on the port 3000
2024-09-15 02:09:12 info: =================================
2024-09-15 02:09:30 info: =================================
2024-09-15 02:09:30 info: ======= ENV: development =======
2024-09-15 02:09:30 info: 🚀 App listening on the port 3000
2024-09-15 02:09:30 info: =================================
2024-09-15 02:11:49 info: =================================
2024-09-15 02:11:49 info: ======= ENV: development =======
2024-09-15 02:11:49 info: 🚀 App listening on the port 3000
2024-09-15 02:11:49 info: =================================
2024-09-15 02:17:32 info: =================================
2024-09-15 02:17:32 info: ======= ENV: development =======
2024-09-15 02:17:32 info: 🚀 App listening on the port 3000
2024-09-15 02:17:32 info: =================================
2024-09-15 02:20:15 info: =================================
2024-09-15 02:20:15 info: ======= ENV: development =======
2024-09-15 02:20:15 info: 🚀 App listening on the port 3000
2024-09-15 02:20:15 info: =================================
2024-09-15 02:20:41 info: =================================
2024-09-15 02:20:41 info: ======= ENV: development =======
2024-09-15 02:20:41 info: 🚀 App listening on the port 3000
2024-09-15 02:20:41 info: =================================
2024-09-15 02:21:07 info: =================================
2024-09-15 02:21:07 info: ======= ENV: development =======
2024-09-15 02:21:07 info: 🚀 App listening on the port 3000
2024-09-15 02:21:07 info: =================================
2024-09-15 02:29:52 info: =================================
2024-09-15 02:29:52 info: ======= ENV: development =======
2024-09-15 02:29:52 info: 🚀 App listening on the port 3000
2024-09-15 02:29:52 info: =================================
2024-09-15 02:33:56 info: =================================
2024-09-15 02:33:56 info: ======= ENV: development =======
2024-09-15 02:33:56 info: 🚀 App listening on the port 3000
2024-09-15 02:33:56 info: =================================
2024-09-15 02:34:10 info: =================================
2024-09-15 02:34:10 info: ======= ENV: development =======
2024-09-15 02:34:10 info: 🚀 App listening on the port 3000
2024-09-15 02:34:10 info: =================================
2024-09-15 02:34:25 info: =================================
2024-09-15 02:34:25 info: ======= ENV: development =======
2024-09-15 02:34:25 info: 🚀 App listening on the port 3000
2024-09-15 02:34:25 info: =================================
2024-09-15 02:34:27 info: =================================
2024-09-15 02:34:27 info: ======= ENV: development =======
2024-09-15 02:34:27 info: 🚀 App listening on the port 3000
2024-09-15 02:34:27 info: =================================
2024-09-15 02:34:31 info: =================================
2024-09-15 02:34:31 info: ======= ENV: development =======
2024-09-15 02:34:31 info: 🚀 App listening on the port 3000
2024-09-15 02:34:31 info: =================================
2024-09-15 02:34:40 info: =================================
2024-09-15 02:34:40 info: ======= ENV: development =======
2024-09-15 02:34:40 info: 🚀 App listening on the port 3000
2024-09-15 02:34:40 info: =================================
2024-09-15 02:34:46 info: =================================
2024-09-15 02:34:46 info: ======= ENV: development =======
2024-09-15 02:34:46 info: 🚀 App listening on the port 3000
2024-09-15 02:34:46 info: =================================
2024-09-15 02:34:54 info: =================================
2024-09-15 02:34:54 info: ======= ENV: development =======
2024-09-15 02:34:54 info: 🚀 App listening on the port 3000
2024-09-15 02:34:54 info: =================================
2024-09-15 02:35:17 info: =================================
2024-09-15 02:35:17 info: ======= ENV: development =======
2024-09-15 02:35:17 info: 🚀 App listening on the port 3000
2024-09-15 02:35:17 info: =================================
2024-09-15 02:36:27 info: =================================
2024-09-15 02:36:27 info: ======= ENV: development =======
2024-09-15 02:36:27 info: 🚀 App listening on the port 3000
2024-09-15 02:36:27 info: =================================
2024-09-15 02:37:07 info: =================================
2024-09-15 02:37:07 info: ======= ENV: development =======
2024-09-15 02:37:07 info: 🚀 App listening on the port 3000
2024-09-15 02:37:07 info: =================================
2024-09-15 02:37:37 info: =================================
2024-09-15 02:37:37 info: ======= ENV: development =======
2024-09-15 02:37:37 info: 🚀 App listening on the port 3000
2024-09-15 02:37:37 info: =================================
2024-09-15 02:37:56 info: =================================
2024-09-15 02:37:56 info: ======= ENV: development =======
2024-09-15 02:37:56 info: 🚀 App listening on the port 3000
2024-09-15 02:37:56 info: =================================
2024-09-15 02:38:59 info: =================================
2024-09-15 02:38:59 info: ======= ENV: development =======
2024-09-15 02:38:59 info: 🚀 App listening on the port 3000
2024-09-15 02:38:59 info: =================================
2024-09-15 02:39:10 info: =================================
2024-09-15 02:39:10 info: ======= ENV: development =======
2024-09-15 02:39:10 info: 🚀 App listening on the port 3000
2024-09-15 02:39:10 info: =================================
2024-09-15 02:39:13 info: =================================
2024-09-15 02:39:13 info: ======= ENV: development =======
2024-09-15 02:39:13 info: 🚀 App listening on the port 3000
2024-09-15 02:39:13 info: =================================
2024-09-15 02:39:24 info: =================================
2024-09-15 02:39:24 info: ======= ENV: development =======
2024-09-15 02:39:24 info: 🚀 App listening on the port 3000
2024-09-15 02:39:24 info: =================================
2024-09-15 02:41:04 info: =================================
2024-09-15 02:41:04 info: ======= ENV: development =======
2024-09-15 02:41:04 info: 🚀 App listening on the port 3000
2024-09-15 02:41:04 info: =================================
2024-09-15 02:41:11 info: =================================
2024-09-15 02:41:11 info: ======= ENV: development =======
2024-09-15 02:41:11 info: 🚀 App listening on the port 3000
2024-09-15 02:41:11 info: =================================
2024-09-15 02:41:27 info: =================================
2024-09-15 02:41:27 info: ======= ENV: development =======
2024-09-15 02:41:27 info: 🚀 App listening on the port 3000
2024-09-15 02:41:27 info: =================================
2024-09-15 02:41:46 info: =================================
2024-09-15 02:41:46 info: ======= ENV: development =======
2024-09-15 02:41:46 info: 🚀 App listening on the port 3000
2024-09-15 02:41:46 info: =================================
2024-09-15 02:43:43 info: =================================
2024-09-15 02:43:43 info: ======= ENV: development =======
2024-09-15 02:43:43 info: 🚀 App listening on the port 3000
2024-09-15 02:43:43 info: =================================
2024-09-15 02:43:55 info: =================================
2024-09-15 02:43:55 info: ======= ENV: development =======
2024-09-15 02:43:55 info: 🚀 App listening on the port 3000
2024-09-15 02:43:55 info: =================================
2024-09-15 02:44:31 info: =================================
2024-09-15 02:44:31 info: ======= ENV: development =======
2024-09-15 02:44:31 info: 🚀 App listening on the port 3000
2024-09-15 02:44:31 info: =================================
2024-09-15 02:44:37 info: =================================
2024-09-15 02:44:37 info: ======= ENV: development =======
2024-09-15 02:44:37 info: 🚀 App listening on the port 3000
2024-09-15 02:44:37 info: =================================
2024-09-15 02:44:55 info: =================================
2024-09-15 02:44:55 info: ======= ENV: development =======
2024-09-15 02:44:55 info: 🚀 App listening on the port 3000
2024-09-15 02:44:55 info: =================================
2024-09-15 02:45:37 info: =================================
2024-09-15 02:45:37 info: ======= ENV: development =======
2024-09-15 02:45:37 info: 🚀 App listening on the port 3000
2024-09-15 02:45:37 info: =================================
2024-09-15 02:45:46 info: =================================
2024-09-15 02:45:46 info: ======= ENV: development =======
2024-09-15 02:45:46 info: 🚀 App listening on the port 3000
2024-09-15 02:45:46 info: =================================
2024-09-15 02:45:52 info: =================================
2024-09-15 02:45:52 info: ======= ENV: development =======
2024-09-15 02:45:52 info: 🚀 App listening on the port 3000
2024-09-15 02:45:52 info: =================================
2024-09-15 02:46:09 info: =================================
2024-09-15 02:46:09 info: ======= ENV: development =======
2024-09-15 02:46:09 info: 🚀 App listening on the port 3000
2024-09-15 02:46:09 info: =================================
2024-09-15 02:46:21 info: =================================
2024-09-15 02:46:21 info: ======= ENV: development =======
2024-09-15 02:46:21 info: 🚀 App listening on the port 3000
2024-09-15 02:46:21 info: =================================
2024-09-15 02:46:31 info: =================================
2024-09-15 02:46:31 info: ======= ENV: development =======
2024-09-15 02:46:31 info: 🚀 App listening on the port 3000
2024-09-15 02:46:31 info: =================================
2024-09-15 03:21:54 info: =================================
2024-09-15 03:21:54 info: ======= ENV: development =======
2024-09-15 03:21:54 info: 🚀 App listening on the port 3000
2024-09-15 03:21:54 info: =================================
2024-09-15 03:24:42 info: [0mPOST /v1/api/auth/signup [32m201[0m 4371.360 ms - 284[0m
2024-09-15 03:25:58 info: [0mPOST /v1/api/auth/sign-in [32m201[0m 17976.993 ms - 296[0m
2024-09-15 03:26:24 info: =================================
2024-09-15 03:26:24 info: ======= ENV: development =======
2024-09-15 03:26:24 info: 🚀 App listening on the port 3000
2024-09-15 03:26:24 info: =================================
2024-09-15 03:27:06 info: =================================
2024-09-15 03:27:06 info: ======= ENV: development =======
2024-09-15 03:27:06 info: 🚀 App listening on the port 3000
2024-09-15 03:27:06 info: =================================
2024-09-15 03:33:29 info: =================================
2024-09-15 03:33:29 info: ======= ENV: development =======
2024-09-15 03:33:29 info: 🚀 App listening on the port 3000
2024-09-15 03:33:29 info: =================================
2024-09-15 03:33:39 info: =================================
2024-09-15 03:33:39 info: ======= ENV: development =======
2024-09-15 03:33:39 info: 🚀 App listening on the port 3000
2024-09-15 03:33:39 info: =================================
2024-09-15 03:37:36 info: =================================
2024-09-15 03:37:36 info: ======= ENV: development =======
2024-09-15 03:37:36 info: 🚀 App listening on the port 3000
2024-09-15 03:37:36 info: =================================
2024-09-15 03:38:29 info: =================================
2024-09-15 03:38:29 info: ======= ENV: development =======
2024-09-15 03:38:29 info: 🚀 App listening on the port 3000
2024-09-15 03:38:29 info: =================================
2024-09-15 03:39:35 info: =================================
2024-09-15 03:39:35 info: ======= ENV: development =======
2024-09-15 03:39:35 info: 🚀 App listening on the port 3000
2024-09-15 03:39:35 info: =================================
2024-09-15 03:40:07 info: =================================
2024-09-15 03:40:07 info: ======= ENV: development =======
2024-09-15 03:40:07 info: 🚀 App listening on the port 3000
2024-09-15 03:40:07 info: =================================
2024-09-15 03:42:54 info: =================================
2024-09-15 03:42:54 info: ======= ENV: development =======
2024-09-15 03:42:54 info: 🚀 App listening on the port 3000
2024-09-15 03:42:54 info: =================================
2024-09-15 03:43:29 info: =================================
2024-09-15 03:43:29 info: ======= ENV: development =======
2024-09-15 03:43:29 info: 🚀 App listening on the port 3000
2024-09-15 03:43:29 info: =================================
2024-09-15 03:44:03 info: =================================
2024-09-15 03:44:03 info: ======= ENV: development =======
2024-09-15 03:44:03 info: 🚀 App listening on the port 3000
2024-09-15 03:44:03 info: =================================
2024-09-15 03:44:09 info: =================================
2024-09-15 03:44:09 info: ======= ENV: development =======
2024-09-15 03:44:09 info: 🚀 App listening on the port 3000
2024-09-15 03:44:09 info: =================================
2024-09-15 03:44:12 info: =================================
2024-09-15 03:44:12 info: ======= ENV: development =======
2024-09-15 03:44:12 info: 🚀 App listening on the port 3000
2024-09-15 03:44:12 info: =================================
2024-09-15 03:44:38 info: =================================
2024-09-15 03:44:38 info: ======= ENV: development =======
2024-09-15 03:44:38 info: 🚀 App listening on the port 3000
2024-09-15 03:44:38 info: =================================
2024-09-15 03:44:42 info: =================================
2024-09-15 03:44:42 info: ======= ENV: development =======
2024-09-15 03:44:42 info: 🚀 App listening on the port 3000
2024-09-15 03:44:42 info: =================================
2024-09-15 03:45:31 info: =================================
2024-09-15 03:45:31 info: ======= ENV: development =======
2024-09-15 03:45:31 info: 🚀 App listening on the port 3000
2024-09-15 03:45:31 info: =================================
2024-09-15 03:45:56 info: =================================
2024-09-15 03:45:56 info: ======= ENV: development =======
2024-09-15 03:45:56 info: 🚀 App listening on the port 3000
2024-09-15 03:45:56 info: =================================
2024-09-15 03:46:04 info: =================================
2024-09-15 03:46:04 info: ======= ENV: development =======
2024-09-15 03:46:04 info: 🚀 App listening on the port 3000
2024-09-15 03:46:04 info: =================================
2024-09-15 03:46:15 info: =================================
2024-09-15 03:46:15 info: ======= ENV: development =======
2024-09-15 03:46:15 info: 🚀 App listening on the port 3000
2024-09-15 03:46:15 info: =================================
2024-09-15 03:47:02 info: =================================
2024-09-15 03:47:02 info: ======= ENV: development =======
2024-09-15 03:47:02 info: 🚀 App listening on the port 3000
2024-09-15 03:47:02 info: =================================
2024-09-15 03:48:29 info: =================================
2024-09-15 03:48:29 info: ======= ENV: development =======
2024-09-15 03:48:29 info: 🚀 App listening on the port 3000
2024-09-15 03:48:29 info: =================================
2024-09-15 03:48:40 info: =================================
2024-09-15 03:48:40 info: ======= ENV: development =======
2024-09-15 03:48:40 info: 🚀 App listening on the port 3000
2024-09-15 03:48:40 info: =================================
2024-09-15 03:48:46 info: =================================
2024-09-15 03:48:46 info: ======= ENV: development =======
2024-09-15 03:48:46 info: 🚀 App listening on the port 3000
2024-09-15 03:48:46 info: =================================
2024-09-15 03:49:05 info: =================================
2024-09-15 03:49:05 info: ======= ENV: development =======
2024-09-15 03:49:05 info: 🚀 App listening on the port 3000
2024-09-15 03:49:05 info: =================================
2024-09-15 03:50:00 info: =================================
2024-09-15 03:50:00 info: ======= ENV: development =======
2024-09-15 03:50:00 info: 🚀 App listening on the port 3000
2024-09-15 03:50:00 info: =================================
2024-09-15 03:50:07 info: =================================
2024-09-15 03:50:07 info: ======= ENV: development =======
2024-09-15 03:50:07 info: 🚀 App listening on the port 3000
2024-09-15 03:50:07 info: =================================
2024-09-15 03:50:31 info: =================================
2024-09-15 03:50:31 info: ======= ENV: development =======
2024-09-15 03:50:31 info: 🚀 App listening on the port 3000
2024-09-15 03:50:31 info: =================================
2024-09-15 03:50:48 info: =================================
2024-09-15 03:50:48 info: ======= ENV: development =======
2024-09-15 03:50:48 info: 🚀 App listening on the port 3000
2024-09-15 03:50:48 info: =================================
2024-09-15 03:51:37 info: =================================
2024-09-15 03:51:37 info: ======= ENV: development =======
2024-09-15 03:51:37 info: 🚀 App listening on the port 3000
2024-09-15 03:51:37 info: =================================
2024-09-15 03:55:00 info: [0mPOST /v1/api/auth/sign-in [32m201[0m 261.126 ms - 296[0m
2024-09-15 03:55:47 info: [0mPUT /v1/api/auth/forgot-password [33m404[0m 1.913 ms - 166[0m
2024-09-15 04:00:12 info: [0mPATCH /v1/api/auth/forgot-password [32m201[0m 238891.829 ms - 27[0m
2024-09-15 04:00:27 info: =================================
2024-09-15 04:00:27 info: ======= ENV: development =======
2024-09-15 04:00:27 info: 🚀 App listening on the port 3000
2024-09-15 04:00:27 info: =================================
